<?xml version="1.0" encoding="UTF-8"?>
<testsuites name="Login" time="126.207" tests="5" failures="0" errors="0">
   <testsuite name="Login" tests="5" failures="0" errors="0" time="126.207" skipped="0" timestamp="2023-03-31 11:07:07" hostname="VIETNAM-5034$ - VIETNAM-5034.corp.hds.com" id="Test Suites/Login">
      <properties>
         <property name="deviceName" value=""/>
         <property name="devicePlatform" value=""/>
         <property name="logFolder" value="D:\\Users\\kngotuan\\Documents\\practice-katalon-demo\\Reports\\20230331_110700\\Login\\20230331_110705"/>
         <property name="logFiles" value="D:\\Users\\kngotuan\\Documents\\practice-katalon-demo\\Reports\\20230331_110700\\Login\\20230331_110705\\execution0.log"/>
         <property name="attachments" value=""/>
         <property name="hostName" value="VIETNAM-5034$ - VIETNAM-5034.corp.hds.com"/>
         <property name="os" value="Windows 10 64bit"/>
         <property name="katalonVersion" value="8.6.0.208"/>
         <property name="browser" value="Chrome 111.0.0.0"/>
         <property name="hostAddress" value="192.168.101.52"/>
         <property name="sessionId" value="b66d89089cc7b3c98078ee54166f897b"/>
         <property name="seleniumVersion" value="3.141.59"/>
         <property name="proxyInformation" value="ProxyInformation { proxyOption=NO_PROXY, proxyServerType=HTTP, username=, password=********, proxyServerAddress=, proxyServerPort=0, executionList=&quot;&quot;, isApplyToDesiredCapabilities=true }"/>
         <property name="platform" value="Windows 10"/>
      </properties>
      <testcase name="Test Cases/Login/TC_1_Sign In Successfully" time="11.111" classname="Test Cases/Login/TC_1_Sign In Successfully" status="PASSED">
         <system-out><![CDATA[2023-03-31 11:07:07 - [TEST_CASE][PASSED] - Test Cases/Login/TC_1_Sign In Successfully: Test Cases/Login/TC_1_Sign In Successfully

2023-03-31 11:07:07 - [TEST_STEP][PASSED] - Start listener action : sampleBeforeTestCase: Browser is opened with url: 'https://katalon-demo-cura.herokuapp.com/'

2023-03-31 11:07:07 - [TEST_STEP][PASSED] - println(testCaseContext.getTestCaseId()): null

2023-03-31 11:07:07 - [TEST_STEP][PASSED] - openBrowser(gURL): Browser is opened with url: 'https://katalon-demo-cura.herokuapp.com/'

2023-03-31 11:07:07 - [MESSAGE][INFO] - Starting 'Chrome' driver

2023-03-31 11:07:07 - [MESSAGE][INFO] - Action delay is set to 0 milliseconds

2023-03-31 11:07:13 - [MESSAGE][PASSED] - Browser is opened with url: 'https://katalon-demo-cura.herokuapp.com/'

2023-03-31 11:07:13 - [TEST_STEP][PASSED] - click(findTestObject("Object Repository/Page_CURA Healthcare Service Login/btnMakeAppointment")): Object: 'Object Repository/Page_CURA Healthcare Service Login/btnMakeAppointment' is clicked on

2023-03-31 11:07:14 - [MESSAGE][PASSED] - Object: 'Object Repository/Page_CURA Healthcare Service Login/btnMakeAppointment' is clicked on

2023-03-31 11:07:14 - [TEST_STEP][PASSED] - setText(findTestObject("Object Repository/Page_CURA Healthcare Service Login/txfUsername"), gUserName): Text 'John Doe' is set on object 'Object Repository/Page_CURA Healthcare Service Login/txfUsername'

2023-03-31 11:07:15 - [MESSAGE][PASSED] - Text 'John Doe' is set on object 'Object Repository/Page_CURA Healthcare Service Login/txfUsername'

2023-03-31 11:07:15 - [TEST_STEP][PASSED] - setText(findTestObject("Object Repository/Page_CURA Healthcare Service Login/txfPassword"), gPassword): Text 'ThisIsNotAPassword' is set on object 'Object Repository/Page_CURA Healthcare Service Login/txfPassword'

2023-03-31 11:07:16 - [MESSAGE][PASSED] - Text 'ThisIsNotAPassword' is set on object 'Object Repository/Page_CURA Healthcare Service Login/txfPassword'

2023-03-31 11:07:16 - [TEST_STEP][PASSED] - click(findTestObject("Object Repository/Page_CURA Healthcare Service Login/btnLogin")): Object: 'Object Repository/Page_CURA Healthcare Service Login/btnLogin' is clicked on

2023-03-31 11:07:17 - [MESSAGE][PASSED] - Object: 'Object Repository/Page_CURA Healthcare Service Login/btnLogin' is clicked on

2023-03-31 11:07:17 - [TEST_STEP][PASSED] - verifyElementPresent(findTestObject("Object Repository/Page_CURA Healthcare Service Login/lblMakeAppointment"), 30): Object 'Object Repository/Page_CURA Healthcare Service Login/lblMakeAppointment' is present

2023-03-31 11:07:17 - [MESSAGE][PASSED] - Object 'Object Repository/Page_CURA Healthcare Service Login/lblMakeAppointment' is present

2023-03-31 11:07:17 - [TEST_STEP][PASSED] - Start listener action : sampleAfterTestCase: Browser is closed

2023-03-31 11:07:17 - [TEST_STEP][PASSED] - closeBrowser(): Browser is closed

2023-03-31 11:07:18 - [MESSAGE][PASSED] - Browser is closed]]></system-out>
         <system-err><![CDATA[]]></system-err>
      </testcase>
      <testcase name="Test Cases/Login/TC_2,3_Sign In With Invalid Data" time="33.993" classname="Test Cases/Login/TC_2,3_Sign In With Invalid Data" status="PASSED">
         <system-out><![CDATA[2023-03-31 11:07:18 - [TEST_CASE][PASSED] - Test Cases/Login/TC_2,3_Sign In With Invalid Data: Test Cases/Login/TC_2,3_Sign In With Invalid Data

2023-03-31 11:07:18 - [TEST_STEP][PASSED] - Start listener action : sampleBeforeTestCase: Browser is opened with url: 'https://katalon-demo-cura.herokuapp.com/'

2023-03-31 11:07:18 - [TEST_STEP][PASSED] - println(testCaseContext.getTestCaseId()): null

2023-03-31 11:07:18 - [TEST_STEP][PASSED] - openBrowser(gURL): Browser is opened with url: 'https://katalon-demo-cura.herokuapp.com/'

2023-03-31 11:07:18 - [MESSAGE][INFO] - Starting 'Chrome' driver

2023-03-31 11:07:18 - [MESSAGE][INFO] - Action delay is set to 0 milliseconds

2023-03-31 11:07:48 - [MESSAGE][PASSED] - Browser is opened with url: 'https://katalon-demo-cura.herokuapp.com/'

2023-03-31 11:07:48 - [TEST_STEP][PASSED] - errorMessage = "Login failed! Please ensure the username and password are valid.": null

2023-03-31 11:07:48 - [TEST_STEP][PASSED] - click(findTestObject("Object Repository/Page_CURA Healthcare Service Login/btnMakeAppointment")): Object: 'Object Repository/Page_CURA Healthcare Service Login/btnMakeAppointment' is clicked on

2023-03-31 11:07:49 - [MESSAGE][PASSED] - Object: 'Object Repository/Page_CURA Healthcare Service Login/btnMakeAppointment' is clicked on

2023-03-31 11:07:49 - [TEST_STEP][PASSED] - setText(findTestObject("Object Repository/Page_CURA Healthcare Service Login/txfUsername"), sUsername): Text '' is set on object 'Object Repository/Page_CURA Healthcare Service Login/txfUsername'

2023-03-31 11:07:50 - [MESSAGE][PASSED] - Text '' is set on object 'Object Repository/Page_CURA Healthcare Service Login/txfUsername'

2023-03-31 11:07:50 - [TEST_STEP][PASSED] - setText(findTestObject("Object Repository/Page_CURA Healthcare Service Login/txfPassword"), sPassword): Text 'ThisIsNotAPassword' is set on object 'Object Repository/Page_CURA Healthcare Service Login/txfPassword'

2023-03-31 11:07:50 - [MESSAGE][PASSED] - Text 'ThisIsNotAPassword' is set on object 'Object Repository/Page_CURA Healthcare Service Login/txfPassword'

2023-03-31 11:07:50 - [TEST_STEP][PASSED] - click(findTestObject("Object Repository/Page_CURA Healthcare Service Login/btnLogin")): Object: 'Object Repository/Page_CURA Healthcare Service Login/btnLogin' is clicked on

2023-03-31 11:07:51 - [MESSAGE][PASSED] - Object: 'Object Repository/Page_CURA Healthcare Service Login/btnLogin' is clicked on

2023-03-31 11:07:51 - [TEST_STEP][PASSED] - verifyElementText(findTestObject("Object Repository/Page_CURA Healthcare Service Login/txvLoginError"), errorMessage, STOP_ON_FAILURE): Actual text and expected text of test object 'Object Repository/Page_CURA Healthcare Service Login/txvLoginError' are matched.

2023-03-31 11:07:52 - [MESSAGE][PASSED] - Actual text and expected text of test object 'Object Repository/Page_CURA Healthcare Service Login/txvLoginError' are matched.

2023-03-31 11:07:52 - [TEST_STEP][PASSED] - Start listener action : sampleAfterTestCase: Browser is closed

2023-03-31 11:07:52 - [TEST_STEP][PASSED] - closeBrowser(): Browser is closed

2023-03-31 11:07:52 - [MESSAGE][PASSED] - Browser is closed]]></system-out>
         <system-err><![CDATA[]]></system-err>
      </testcase>
      <testcase name="Test Cases/Login/TC_2,3_Sign In With Invalid Data" time="9.485" classname="Test Cases/Login/TC_2,3_Sign In With Invalid Data" status="PASSED">
         <system-out><![CDATA[2023-03-31 11:07:52 - [TEST_CASE][PASSED] - Test Cases/Login/TC_2,3_Sign In With Invalid Data: Test Cases/Login/TC_2,3_Sign In With Invalid Data

2023-03-31 11:07:52 - [TEST_STEP][PASSED] - Start listener action : sampleBeforeTestCase: Browser is opened with url: 'https://katalon-demo-cura.herokuapp.com/'

2023-03-31 11:07:52 - [TEST_STEP][PASSED] - println(testCaseContext.getTestCaseId()): null

2023-03-31 11:07:52 - [TEST_STEP][PASSED] - openBrowser(gURL): Browser is opened with url: 'https://katalon-demo-cura.herokuapp.com/'

2023-03-31 11:07:52 - [MESSAGE][INFO] - Starting 'Chrome' driver

2023-03-31 11:07:52 - [MESSAGE][INFO] - Action delay is set to 0 milliseconds

2023-03-31 11:07:57 - [MESSAGE][PASSED] - Browser is opened with url: 'https://katalon-demo-cura.herokuapp.com/'

2023-03-31 11:07:57 - [TEST_STEP][PASSED] - errorMessage = "Login failed! Please ensure the username and password are valid.": null

2023-03-31 11:07:57 - [TEST_STEP][PASSED] - click(findTestObject("Object Repository/Page_CURA Healthcare Service Login/btnMakeAppointment")): Object: 'Object Repository/Page_CURA Healthcare Service Login/btnMakeAppointment' is clicked on

2023-03-31 11:07:58 - [MESSAGE][PASSED] - Object: 'Object Repository/Page_CURA Healthcare Service Login/btnMakeAppointment' is clicked on

2023-03-31 11:07:58 - [TEST_STEP][PASSED] - setText(findTestObject("Object Repository/Page_CURA Healthcare Service Login/txfUsername"), sUsername): Text 'John' is set on object 'Object Repository/Page_CURA Healthcare Service Login/txfUsername'

2023-03-31 11:07:59 - [MESSAGE][PASSED] - Text 'John' is set on object 'Object Repository/Page_CURA Healthcare Service Login/txfUsername'

2023-03-31 11:07:59 - [TEST_STEP][PASSED] - setText(findTestObject("Object Repository/Page_CURA Healthcare Service Login/txfPassword"), sPassword): Text 'ThisIsNotAPassword' is set on object 'Object Repository/Page_CURA Healthcare Service Login/txfPassword'

2023-03-31 11:07:59 - [MESSAGE][PASSED] - Text 'ThisIsNotAPassword' is set on object 'Object Repository/Page_CURA Healthcare Service Login/txfPassword'

2023-03-31 11:07:59 - [TEST_STEP][PASSED] - click(findTestObject("Object Repository/Page_CURA Healthcare Service Login/btnLogin")): Object: 'Object Repository/Page_CURA Healthcare Service Login/btnLogin' is clicked on

2023-03-31 11:08:00 - [MESSAGE][PASSED] - Object: 'Object Repository/Page_CURA Healthcare Service Login/btnLogin' is clicked on

2023-03-31 11:08:00 - [TEST_STEP][PASSED] - verifyElementText(findTestObject("Object Repository/Page_CURA Healthcare Service Login/txvLoginError"), errorMessage, STOP_ON_FAILURE): Actual text and expected text of test object 'Object Repository/Page_CURA Healthcare Service Login/txvLoginError' are matched.

2023-03-31 11:08:01 - [MESSAGE][PASSED] - Actual text and expected text of test object 'Object Repository/Page_CURA Healthcare Service Login/txvLoginError' are matched.

2023-03-31 11:08:01 - [TEST_STEP][PASSED] - Start listener action : sampleAfterTestCase: Browser is closed

2023-03-31 11:08:01 - [TEST_STEP][PASSED] - closeBrowser(): Browser is closed

2023-03-31 11:08:02 - [MESSAGE][PASSED] - Browser is closed]]></system-out>
         <system-err><![CDATA[]]></system-err>
      </testcase>
      <testcase name="Test Cases/Login/TC_2,3_Sign In With Invalid Data" time="35.102" classname="Test Cases/Login/TC_2,3_Sign In With Invalid Data" status="PASSED">
         <system-out><![CDATA[2023-03-31 11:08:02 - [TEST_CASE][PASSED] - Test Cases/Login/TC_2,3_Sign In With Invalid Data: Test Cases/Login/TC_2,3_Sign In With Invalid Data

2023-03-31 11:08:02 - [TEST_STEP][PASSED] - Start listener action : sampleBeforeTestCase: Browser is opened with url: 'https://katalon-demo-cura.herokuapp.com/'

2023-03-31 11:08:02 - [TEST_STEP][PASSED] - println(testCaseContext.getTestCaseId()): null

2023-03-31 11:08:02 - [TEST_STEP][PASSED] - openBrowser(gURL): Browser is opened with url: 'https://katalon-demo-cura.herokuapp.com/'

2023-03-31 11:08:02 - [MESSAGE][INFO] - Starting 'Chrome' driver

2023-03-31 11:08:02 - [MESSAGE][INFO] - Action delay is set to 0 milliseconds

2023-03-31 11:08:33 - [MESSAGE][PASSED] - Browser is opened with url: 'https://katalon-demo-cura.herokuapp.com/'

2023-03-31 11:08:33 - [TEST_STEP][PASSED] - errorMessage = "Login failed! Please ensure the username and password are valid.": null

2023-03-31 11:08:33 - [TEST_STEP][PASSED] - click(findTestObject("Object Repository/Page_CURA Healthcare Service Login/btnMakeAppointment")): Object: 'Object Repository/Page_CURA Healthcare Service Login/btnMakeAppointment' is clicked on

2023-03-31 11:08:33 - [MESSAGE][PASSED] - Object: 'Object Repository/Page_CURA Healthcare Service Login/btnMakeAppointment' is clicked on

2023-03-31 11:08:33 - [TEST_STEP][PASSED] - setText(findTestObject("Object Repository/Page_CURA Healthcare Service Login/txfUsername"), sUsername): Text 'John Doe' is set on object 'Object Repository/Page_CURA Healthcare Service Login/txfUsername'

2023-03-31 11:08:34 - [MESSAGE][PASSED] - Text 'John Doe' is set on object 'Object Repository/Page_CURA Healthcare Service Login/txfUsername'

2023-03-31 11:08:34 - [TEST_STEP][PASSED] - setText(findTestObject("Object Repository/Page_CURA Healthcare Service Login/txfPassword"), sPassword): Text 'Abc' is set on object 'Object Repository/Page_CURA Healthcare Service Login/txfPassword'

2023-03-31 11:08:35 - [MESSAGE][PASSED] - Text 'Abc' is set on object 'Object Repository/Page_CURA Healthcare Service Login/txfPassword'

2023-03-31 11:08:35 - [TEST_STEP][PASSED] - click(findTestObject("Object Repository/Page_CURA Healthcare Service Login/btnLogin")): Object: 'Object Repository/Page_CURA Healthcare Service Login/btnLogin' is clicked on

2023-03-31 11:08:36 - [MESSAGE][PASSED] - Object: 'Object Repository/Page_CURA Healthcare Service Login/btnLogin' is clicked on

2023-03-31 11:08:36 - [TEST_STEP][PASSED] - verifyElementText(findTestObject("Object Repository/Page_CURA Healthcare Service Login/txvLoginError"), errorMessage, STOP_ON_FAILURE): Actual text and expected text of test object 'Object Repository/Page_CURA Healthcare Service Login/txvLoginError' are matched.

2023-03-31 11:08:36 - [MESSAGE][PASSED] - Actual text and expected text of test object 'Object Repository/Page_CURA Healthcare Service Login/txvLoginError' are matched.

2023-03-31 11:08:36 - [TEST_STEP][PASSED] - Start listener action : sampleAfterTestCase: Browser is closed

2023-03-31 11:08:36 - [TEST_STEP][PASSED] - closeBrowser(): Browser is closed

2023-03-31 11:08:37 - [MESSAGE][PASSED] - Browser is closed]]></system-out>
         <system-err><![CDATA[]]></system-err>
      </testcase>
      <testcase name="Test Cases/Login/TC_2,3_Sign In With Invalid Data" time="36.316" classname="Test Cases/Login/TC_2,3_Sign In With Invalid Data" status="PASSED">
         <system-out><![CDATA[2023-03-31 11:08:37 - [TEST_CASE][PASSED] - Test Cases/Login/TC_2,3_Sign In With Invalid Data: Test Cases/Login/TC_2,3_Sign In With Invalid Data

2023-03-31 11:08:37 - [TEST_STEP][PASSED] - Start listener action : sampleBeforeTestCase: Browser is opened with url: 'https://katalon-demo-cura.herokuapp.com/'

2023-03-31 11:08:37 - [TEST_STEP][PASSED] - println(testCaseContext.getTestCaseId()): null

2023-03-31 11:08:37 - [TEST_STEP][PASSED] - openBrowser(gURL): Browser is opened with url: 'https://katalon-demo-cura.herokuapp.com/'

2023-03-31 11:08:37 - [MESSAGE][INFO] - Starting 'Chrome' driver

2023-03-31 11:08:37 - [MESSAGE][INFO] - Action delay is set to 0 milliseconds

2023-03-31 11:09:09 - [MESSAGE][PASSED] - Browser is opened with url: 'https://katalon-demo-cura.herokuapp.com/'

2023-03-31 11:09:09 - [TEST_STEP][PASSED] - errorMessage = "Login failed! Please ensure the username and password are valid.": null

2023-03-31 11:09:09 - [TEST_STEP][PASSED] - click(findTestObject("Object Repository/Page_CURA Healthcare Service Login/btnMakeAppointment")): Object: 'Object Repository/Page_CURA Healthcare Service Login/btnMakeAppointment' is clicked on

2023-03-31 11:09:10 - [MESSAGE][PASSED] - Object: 'Object Repository/Page_CURA Healthcare Service Login/btnMakeAppointment' is clicked on

2023-03-31 11:09:10 - [TEST_STEP][PASSED] - setText(findTestObject("Object Repository/Page_CURA Healthcare Service Login/txfUsername"), sUsername): Text 'John Doe' is set on object 'Object Repository/Page_CURA Healthcare Service Login/txfUsername'

2023-03-31 11:09:10 - [MESSAGE][PASSED] - Text 'John Doe' is set on object 'Object Repository/Page_CURA Healthcare Service Login/txfUsername'

2023-03-31 11:09:10 - [TEST_STEP][PASSED] - setText(findTestObject("Object Repository/Page_CURA Healthcare Service Login/txfPassword"), sPassword): Text '' is set on object 'Object Repository/Page_CURA Healthcare Service Login/txfPassword'

2023-03-31 11:09:11 - [MESSAGE][PASSED] - Text '' is set on object 'Object Repository/Page_CURA Healthcare Service Login/txfPassword'

2023-03-31 11:09:11 - [TEST_STEP][PASSED] - click(findTestObject("Object Repository/Page_CURA Healthcare Service Login/btnLogin")): Object: 'Object Repository/Page_CURA Healthcare Service Login/btnLogin' is clicked on

2023-03-31 11:09:12 - [MESSAGE][PASSED] - Object: 'Object Repository/Page_CURA Healthcare Service Login/btnLogin' is clicked on

2023-03-31 11:09:12 - [TEST_STEP][PASSED] - verifyElementText(findTestObject("Object Repository/Page_CURA Healthcare Service Login/txvLoginError"), errorMessage, STOP_ON_FAILURE): Actual text and expected text of test object 'Object Repository/Page_CURA Healthcare Service Login/txvLoginError' are matched.

2023-03-31 11:09:12 - [MESSAGE][PASSED] - Actual text and expected text of test object 'Object Repository/Page_CURA Healthcare Service Login/txvLoginError' are matched.

2023-03-31 11:09:12 - [TEST_STEP][PASSED] - Start listener action : sampleAfterTestCase: Browser is closed

2023-03-31 11:09:12 - [TEST_STEP][PASSED] - closeBrowser(): Browser is closed

2023-03-31 11:09:13 - [MESSAGE][PASSED] - Browser is closed]]></system-out>
         <system-err><![CDATA[]]></system-err>
      </testcase>
      <system-out><![CDATA[2023-03-31 11:07:07 - [TEST_SUITE][PASSED] - Login: Test Cases/Login/TC_2,3_Sign In With Invalid Data]]></system-out>
      <system-err><![CDATA[]]></system-err>
   </testsuite>
</testsuites>
