<?xml version="1.0" encoding="UTF-8"?>
<testsuites name="Login" time="307.256" tests="5" failures="0" errors="0">
   <testsuite name="Login" tests="5" failures="0" errors="0" time="307.256" skipped="0" timestamp="2023-04-03 11:47:44" hostname="VIETNAM-5034$ - VIETNAM-5034.corp.hds.com" id="Test Suites/Login">
      <properties>
         <property name="deviceName" value=""/>
         <property name="devicePlatform" value=""/>
         <property name="logFolder" value="D:\\Users\\kngotuan\\Documents\\practice-katalon-demo\\Reports\\20230403_114734\\Login\\20230403_114742"/>
         <property name="logFiles" value="D:\\Users\\kngotuan\\Documents\\practice-katalon-demo\\Reports\\20230403_114734\\Login\\20230403_114742\\execution0.log"/>
         <property name="attachments" value=""/>
         <property name="hostName" value="VIETNAM-5034$ - VIETNAM-5034.corp.hds.com"/>
         <property name="os" value="Windows 10 64bit"/>
         <property name="katalonVersion" value="8.6.0.208"/>
         <property name="browser" value="Chrome 111.0.0.0"/>
         <property name="hostAddress" value="10.131.96.63"/>
         <property name="sessionId" value="011406c848833b82e32c202fd86ad53f"/>
         <property name="seleniumVersion" value="3.141.59"/>
         <property name="proxyInformation" value="ProxyInformation { proxyOption=NO_PROXY, proxyServerType=HTTP, username=, password=********, proxyServerAddress=, proxyServerPort=0, executionList=&quot;&quot;, isApplyToDesiredCapabilities=true }"/>
         <property name="platform" value="Windows 10"/>
      </properties>
      <testcase name="Test Cases/Login/TC_1_Sign In Successfully" time="75.107" classname="Test Cases/Login/TC_1_Sign In Successfully" status="PASSED">
         <system-out><![CDATA[2023-04-03 11:47:44 - [TEST_CASE][PASSED] - Test Cases/Login/TC_1_Sign In Successfully: Test Cases/Login/TC_1_Sign In Successfully

2023-04-03 11:47:44 - [TEST_STEP][PASSED] - Start listener action : sampleBeforeTestCase: Browser is opened with url: 'https://katalon-demo-cura.herokuapp.com/'

2023-04-03 11:47:44 - [TEST_STEP][PASSED] - println(testCaseContext.getTestCaseId()): null

2023-04-03 11:47:44 - [TEST_STEP][PASSED] - openBrowser(gURL): Browser is opened with url: 'https://katalon-demo-cura.herokuapp.com/'

2023-04-03 11:47:45 - [MESSAGE][INFO] - Starting 'Chrome' driver

2023-04-03 11:47:45 - [MESSAGE][INFO] - Action delay is set to 0 milliseconds

2023-04-03 11:48:13 - [MESSAGE][PASSED] - Browser is opened with url: 'https://katalon-demo-cura.herokuapp.com/'

2023-04-03 11:48:13 - [TEST_STEP][PASSED] - click(findTestObject("Object Repository/Page_CURA Healthcare Service Login/btnMakeAppointment")): Object: 'Object Repository/Page_CURA Healthcare Service Login/btnMakeAppointment' is clicked on

2023-04-03 11:48:35 - [MESSAGE][PASSED] - Object: 'Object Repository/Page_CURA Healthcare Service Login/btnMakeAppointment' is clicked on

2023-04-03 11:48:35 - [TEST_STEP][PASSED] - setText(findTestObject("Object Repository/Page_CURA Healthcare Service Login/txfUsername"), gUserName): Text 'John Doe' is set on object 'Object Repository/Page_CURA Healthcare Service Login/txfUsername'

2023-04-03 11:48:36 - [MESSAGE][PASSED] - Text 'John Doe' is set on object 'Object Repository/Page_CURA Healthcare Service Login/txfUsername'

2023-04-03 11:48:36 - [TEST_STEP][PASSED] - setText(findTestObject("Object Repository/Page_CURA Healthcare Service Login/txfPassword"), gPassword): Text 'ThisIsNotAPassword' is set on object 'Object Repository/Page_CURA Healthcare Service Login/txfPassword'

2023-04-03 11:48:36 - [MESSAGE][PASSED] - Text 'ThisIsNotAPassword' is set on object 'Object Repository/Page_CURA Healthcare Service Login/txfPassword'

2023-04-03 11:48:36 - [TEST_STEP][PASSED] - click(findTestObject("Object Repository/Page_CURA Healthcare Service Login/btnLogin")): Object: 'Object Repository/Page_CURA Healthcare Service Login/btnLogin' is clicked on

2023-04-03 11:48:58 - [MESSAGE][PASSED] - Object: 'Object Repository/Page_CURA Healthcare Service Login/btnLogin' is clicked on

2023-04-03 11:48:58 - [TEST_STEP][PASSED] - verifyElementPresent(findTestObject("Object Repository/Page_CURA Healthcare Service Login/lblMakeAppointment"), 30): Object 'Object Repository/Page_CURA Healthcare Service Login/lblMakeAppointment' is present

2023-04-03 11:48:59 - [MESSAGE][PASSED] - Object 'Object Repository/Page_CURA Healthcare Service Login/lblMakeAppointment' is present

2023-04-03 11:48:59 - [TEST_STEP][PASSED] - Start listener action : sampleAfterTestCase: Browser is closed

2023-04-03 11:48:59 - [TEST_STEP][PASSED] - closeBrowser(): Browser is closed

2023-04-03 11:48:59 - [MESSAGE][PASSED] - Browser is closed]]></system-out>
         <system-err><![CDATA[]]></system-err>
      </testcase>
      <testcase name="Test Cases/Login/TC_2,3_Sign In With Invalid Data" time="72.889" classname="Test Cases/Login/TC_2,3_Sign In With Invalid Data" status="PASSED">
         <system-out><![CDATA[2023-04-03 11:48:59 - [TEST_CASE][PASSED] - Test Cases/Login/TC_2,3_Sign In With Invalid Data: Test Cases/Login/TC_2,3_Sign In With Invalid Data

2023-04-03 11:48:59 - [TEST_STEP][PASSED] - Start listener action : sampleBeforeTestCase: Browser is opened with url: 'https://katalon-demo-cura.herokuapp.com/'

2023-04-03 11:48:59 - [TEST_STEP][PASSED] - println(testCaseContext.getTestCaseId()): null

2023-04-03 11:48:59 - [TEST_STEP][PASSED] - openBrowser(gURL): Browser is opened with url: 'https://katalon-demo-cura.herokuapp.com/'

2023-04-03 11:48:59 - [MESSAGE][INFO] - Starting 'Chrome' driver

2023-04-03 11:48:59 - [MESSAGE][INFO] - Action delay is set to 0 milliseconds

2023-04-03 11:49:25 - [MESSAGE][PASSED] - Browser is opened with url: 'https://katalon-demo-cura.herokuapp.com/'

2023-04-03 11:49:25 - [TEST_STEP][PASSED] - errorMessage = "Login failed! Please ensure the username and password are valid.": null

2023-04-03 11:49:25 - [TEST_STEP][PASSED] - click(findTestObject("Object Repository/Page_CURA Healthcare Service Login/btnMakeAppointment")): Object: 'Object Repository/Page_CURA Healthcare Service Login/btnMakeAppointment' is clicked on

2023-04-03 11:49:47 - [MESSAGE][PASSED] - Object: 'Object Repository/Page_CURA Healthcare Service Login/btnMakeAppointment' is clicked on

2023-04-03 11:49:47 - [TEST_STEP][PASSED] - setText(findTestObject("Object Repository/Page_CURA Healthcare Service Login/txfUsername"), sUsername): Text '' is set on object 'Object Repository/Page_CURA Healthcare Service Login/txfUsername'

2023-04-03 11:49:48 - [MESSAGE][PASSED] - Text '' is set on object 'Object Repository/Page_CURA Healthcare Service Login/txfUsername'

2023-04-03 11:49:48 - [TEST_STEP][PASSED] - setText(findTestObject("Object Repository/Page_CURA Healthcare Service Login/txfPassword"), sPassword): Text 'ThisIsNotAPassword' is set on object 'Object Repository/Page_CURA Healthcare Service Login/txfPassword'

2023-04-03 11:49:49 - [MESSAGE][PASSED] - Text 'ThisIsNotAPassword' is set on object 'Object Repository/Page_CURA Healthcare Service Login/txfPassword'

2023-04-03 11:49:49 - [TEST_STEP][PASSED] - click(findTestObject("Object Repository/Page_CURA Healthcare Service Login/btnLogin")): Object: 'Object Repository/Page_CURA Healthcare Service Login/btnLogin' is clicked on

2023-04-03 11:50:11 - [MESSAGE][PASSED] - Object: 'Object Repository/Page_CURA Healthcare Service Login/btnLogin' is clicked on

2023-04-03 11:50:11 - [TEST_STEP][PASSED] - verifyElementText(findTestObject("Object Repository/Page_CURA Healthcare Service Login/txvLoginError"), errorMessage, STOP_ON_FAILURE): Actual text and expected text of test object 'Object Repository/Page_CURA Healthcare Service Login/txvLoginError' are matched.

2023-04-03 11:50:12 - [MESSAGE][PASSED] - Actual text and expected text of test object 'Object Repository/Page_CURA Healthcare Service Login/txvLoginError' are matched.

2023-04-03 11:50:12 - [TEST_STEP][PASSED] - Start listener action : sampleAfterTestCase: Browser is closed

2023-04-03 11:50:12 - [TEST_STEP][PASSED] - closeBrowser(): Browser is closed

2023-04-03 11:50:12 - [MESSAGE][PASSED] - Browser is closed]]></system-out>
         <system-err><![CDATA[]]></system-err>
      </testcase>
      <testcase name="Test Cases/Login/TC_2,3_Sign In With Invalid Data" time="10.988" classname="Test Cases/Login/TC_2,3_Sign In With Invalid Data" status="PASSED">
         <system-out><![CDATA[2023-04-03 11:50:12 - [TEST_CASE][PASSED] - Test Cases/Login/TC_2,3_Sign In With Invalid Data: Test Cases/Login/TC_2,3_Sign In With Invalid Data

2023-04-03 11:50:12 - [TEST_STEP][PASSED] - Start listener action : sampleBeforeTestCase: Browser is opened with url: 'https://katalon-demo-cura.herokuapp.com/'

2023-04-03 11:50:12 - [TEST_STEP][PASSED] - println(testCaseContext.getTestCaseId()): null

2023-04-03 11:50:12 - [TEST_STEP][PASSED] - openBrowser(gURL): Browser is opened with url: 'https://katalon-demo-cura.herokuapp.com/'

2023-04-03 11:50:12 - [MESSAGE][INFO] - Starting 'Chrome' driver

2023-04-03 11:50:12 - [MESSAGE][INFO] - Action delay is set to 0 milliseconds

2023-04-03 11:50:18 - [MESSAGE][PASSED] - Browser is opened with url: 'https://katalon-demo-cura.herokuapp.com/'

2023-04-03 11:50:18 - [TEST_STEP][PASSED] - errorMessage = "Login failed! Please ensure the username and password are valid.": null

2023-04-03 11:50:18 - [TEST_STEP][PASSED] - click(findTestObject("Object Repository/Page_CURA Healthcare Service Login/btnMakeAppointment")): Object: 'Object Repository/Page_CURA Healthcare Service Login/btnMakeAppointment' is clicked on

2023-04-03 11:50:19 - [MESSAGE][PASSED] - Object: 'Object Repository/Page_CURA Healthcare Service Login/btnMakeAppointment' is clicked on

2023-04-03 11:50:19 - [TEST_STEP][PASSED] - setText(findTestObject("Object Repository/Page_CURA Healthcare Service Login/txfUsername"), sUsername): Text 'John' is set on object 'Object Repository/Page_CURA Healthcare Service Login/txfUsername'

2023-04-03 11:50:20 - [MESSAGE][PASSED] - Text 'John' is set on object 'Object Repository/Page_CURA Healthcare Service Login/txfUsername'

2023-04-03 11:50:20 - [TEST_STEP][PASSED] - setText(findTestObject("Object Repository/Page_CURA Healthcare Service Login/txfPassword"), sPassword): Text 'ThisIsNotAPassword' is set on object 'Object Repository/Page_CURA Healthcare Service Login/txfPassword'

2023-04-03 11:50:21 - [MESSAGE][PASSED] - Text 'ThisIsNotAPassword' is set on object 'Object Repository/Page_CURA Healthcare Service Login/txfPassword'

2023-04-03 11:50:21 - [TEST_STEP][PASSED] - click(findTestObject("Object Repository/Page_CURA Healthcare Service Login/btnLogin")): Object: 'Object Repository/Page_CURA Healthcare Service Login/btnLogin' is clicked on

2023-04-03 11:50:22 - [MESSAGE][PASSED] - Object: 'Object Repository/Page_CURA Healthcare Service Login/btnLogin' is clicked on

2023-04-03 11:50:22 - [TEST_STEP][PASSED] - verifyElementText(findTestObject("Object Repository/Page_CURA Healthcare Service Login/txvLoginError"), errorMessage, STOP_ON_FAILURE): Actual text and expected text of test object 'Object Repository/Page_CURA Healthcare Service Login/txvLoginError' are matched.

2023-04-03 11:50:23 - [MESSAGE][PASSED] - Actual text and expected text of test object 'Object Repository/Page_CURA Healthcare Service Login/txvLoginError' are matched.

2023-04-03 11:50:23 - [TEST_STEP][PASSED] - Start listener action : sampleAfterTestCase: Browser is closed

2023-04-03 11:50:23 - [TEST_STEP][PASSED] - closeBrowser(): Browser is closed

2023-04-03 11:50:23 - [MESSAGE][PASSED] - Browser is closed]]></system-out>
         <system-err><![CDATA[]]></system-err>
      </testcase>
      <testcase name="Test Cases/Login/TC_2,3_Sign In With Invalid Data" time="73.962" classname="Test Cases/Login/TC_2,3_Sign In With Invalid Data" status="PASSED">
         <system-out><![CDATA[2023-04-03 11:50:23 - [TEST_CASE][PASSED] - Test Cases/Login/TC_2,3_Sign In With Invalid Data: Test Cases/Login/TC_2,3_Sign In With Invalid Data

2023-04-03 11:50:23 - [TEST_STEP][PASSED] - Start listener action : sampleBeforeTestCase: Browser is opened with url: 'https://katalon-demo-cura.herokuapp.com/'

2023-04-03 11:50:23 - [TEST_STEP][PASSED] - println(testCaseContext.getTestCaseId()): null

2023-04-03 11:50:23 - [TEST_STEP][PASSED] - openBrowser(gURL): Browser is opened with url: 'https://katalon-demo-cura.herokuapp.com/'

2023-04-03 11:50:23 - [MESSAGE][INFO] - Starting 'Chrome' driver

2023-04-03 11:50:23 - [MESSAGE][INFO] - Action delay is set to 0 milliseconds

2023-04-03 11:50:50 - [MESSAGE][PASSED] - Browser is opened with url: 'https://katalon-demo-cura.herokuapp.com/'

2023-04-03 11:50:50 - [TEST_STEP][PASSED] - errorMessage = "Login failed! Please ensure the username and password are valid.": null

2023-04-03 11:50:50 - [TEST_STEP][PASSED] - click(findTestObject("Object Repository/Page_CURA Healthcare Service Login/btnMakeAppointment")): Object: 'Object Repository/Page_CURA Healthcare Service Login/btnMakeAppointment' is clicked on

2023-04-03 11:51:12 - [MESSAGE][PASSED] - Object: 'Object Repository/Page_CURA Healthcare Service Login/btnMakeAppointment' is clicked on

2023-04-03 11:51:12 - [TEST_STEP][PASSED] - setText(findTestObject("Object Repository/Page_CURA Healthcare Service Login/txfUsername"), sUsername): Text 'John Doe' is set on object 'Object Repository/Page_CURA Healthcare Service Login/txfUsername'

2023-04-03 11:51:13 - [MESSAGE][PASSED] - Text 'John Doe' is set on object 'Object Repository/Page_CURA Healthcare Service Login/txfUsername'

2023-04-03 11:51:13 - [TEST_STEP][PASSED] - setText(findTestObject("Object Repository/Page_CURA Healthcare Service Login/txfPassword"), sPassword): Text 'Abc' is set on object 'Object Repository/Page_CURA Healthcare Service Login/txfPassword'

2023-04-03 11:51:14 - [MESSAGE][PASSED] - Text 'Abc' is set on object 'Object Repository/Page_CURA Healthcare Service Login/txfPassword'

2023-04-03 11:51:14 - [TEST_STEP][PASSED] - click(findTestObject("Object Repository/Page_CURA Healthcare Service Login/btnLogin")): Object: 'Object Repository/Page_CURA Healthcare Service Login/btnLogin' is clicked on

2023-04-03 11:51:36 - [MESSAGE][PASSED] - Object: 'Object Repository/Page_CURA Healthcare Service Login/btnLogin' is clicked on

2023-04-03 11:51:36 - [TEST_STEP][PASSED] - verifyElementText(findTestObject("Object Repository/Page_CURA Healthcare Service Login/txvLoginError"), errorMessage, STOP_ON_FAILURE): Actual text and expected text of test object 'Object Repository/Page_CURA Healthcare Service Login/txvLoginError' are matched.

2023-04-03 11:51:37 - [MESSAGE][PASSED] - Actual text and expected text of test object 'Object Repository/Page_CURA Healthcare Service Login/txvLoginError' are matched.

2023-04-03 11:51:37 - [TEST_STEP][PASSED] - Start listener action : sampleAfterTestCase: Browser is closed

2023-04-03 11:51:37 - [TEST_STEP][PASSED] - closeBrowser(): Browser is closed

2023-04-03 11:51:37 - [MESSAGE][PASSED] - Browser is closed]]></system-out>
         <system-err><![CDATA[]]></system-err>
      </testcase>
      <testcase name="Test Cases/Login/TC_2,3_Sign In With Invalid Data" time="73.945" classname="Test Cases/Login/TC_2,3_Sign In With Invalid Data" status="PASSED">
         <system-out><![CDATA[2023-04-03 11:51:37 - [TEST_CASE][PASSED] - Test Cases/Login/TC_2,3_Sign In With Invalid Data: Test Cases/Login/TC_2,3_Sign In With Invalid Data

2023-04-03 11:51:37 - [TEST_STEP][PASSED] - Start listener action : sampleBeforeTestCase: Browser is opened with url: 'https://katalon-demo-cura.herokuapp.com/'

2023-04-03 11:51:37 - [TEST_STEP][PASSED] - println(testCaseContext.getTestCaseId()): null

2023-04-03 11:51:37 - [TEST_STEP][PASSED] - openBrowser(gURL): Browser is opened with url: 'https://katalon-demo-cura.herokuapp.com/'

2023-04-03 11:51:37 - [MESSAGE][INFO] - Starting 'Chrome' driver

2023-04-03 11:51:37 - [MESSAGE][INFO] - Action delay is set to 0 milliseconds

2023-04-03 11:52:05 - [MESSAGE][PASSED] - Browser is opened with url: 'https://katalon-demo-cura.herokuapp.com/'

2023-04-03 11:52:05 - [TEST_STEP][PASSED] - errorMessage = "Login failed! Please ensure the username and password are valid.": null

2023-04-03 11:52:05 - [TEST_STEP][PASSED] - click(findTestObject("Object Repository/Page_CURA Healthcare Service Login/btnMakeAppointment")): Object: 'Object Repository/Page_CURA Healthcare Service Login/btnMakeAppointment' is clicked on

2023-04-03 11:52:26 - [MESSAGE][PASSED] - Object: 'Object Repository/Page_CURA Healthcare Service Login/btnMakeAppointment' is clicked on

2023-04-03 11:52:26 - [TEST_STEP][PASSED] - setText(findTestObject("Object Repository/Page_CURA Healthcare Service Login/txfUsername"), sUsername): Text 'John Doe' is set on object 'Object Repository/Page_CURA Healthcare Service Login/txfUsername'

2023-04-03 11:52:27 - [MESSAGE][PASSED] - Text 'John Doe' is set on object 'Object Repository/Page_CURA Healthcare Service Login/txfUsername'

2023-04-03 11:52:27 - [TEST_STEP][PASSED] - setText(findTestObject("Object Repository/Page_CURA Healthcare Service Login/txfPassword"), sPassword): Text '' is set on object 'Object Repository/Page_CURA Healthcare Service Login/txfPassword'

2023-04-03 11:52:28 - [MESSAGE][PASSED] - Text '' is set on object 'Object Repository/Page_CURA Healthcare Service Login/txfPassword'

2023-04-03 11:52:28 - [TEST_STEP][PASSED] - click(findTestObject("Object Repository/Page_CURA Healthcare Service Login/btnLogin")): Object: 'Object Repository/Page_CURA Healthcare Service Login/btnLogin' is clicked on

2023-04-03 11:52:50 - [MESSAGE][PASSED] - Object: 'Object Repository/Page_CURA Healthcare Service Login/btnLogin' is clicked on

2023-04-03 11:52:50 - [TEST_STEP][PASSED] - verifyElementText(findTestObject("Object Repository/Page_CURA Healthcare Service Login/txvLoginError"), errorMessage, STOP_ON_FAILURE): Actual text and expected text of test object 'Object Repository/Page_CURA Healthcare Service Login/txvLoginError' are matched.

2023-04-03 11:52:51 - [MESSAGE][PASSED] - Actual text and expected text of test object 'Object Repository/Page_CURA Healthcare Service Login/txvLoginError' are matched.

2023-04-03 11:52:51 - [TEST_STEP][PASSED] - Start listener action : sampleAfterTestCase: Browser is closed

2023-04-03 11:52:51 - [TEST_STEP][PASSED] - closeBrowser(): Browser is closed

2023-04-03 11:52:51 - [MESSAGE][PASSED] - Browser is closed]]></system-out>
         <system-err><![CDATA[]]></system-err>
      </testcase>
      <system-out><![CDATA[2023-04-03 11:47:44 - [TEST_SUITE][PASSED] - Login: Test Cases/Login/TC_2,3_Sign In With Invalid Data]]></system-out>
      <system-err><![CDATA[]]></system-err>
   </testsuite>
</testsuites>
