<?xml version="1.0" encoding="UTF-8"?>
<testsuites name="Login" time="131.41" tests="5" failures="0" errors="0">
   <testsuite name="Login" tests="5" failures="0" errors="0" time="131.41" skipped="0" timestamp="2023-04-13 14:09:26" hostname="VIETNAM-5034$ - VIETNAM-5034.corp.hds.com" id="Test Suites/Login">
      <properties>
         <property name="deviceName" value=""/>
         <property name="devicePlatform" value=""/>
         <property name="logFolder" value="D:\\Users\\kngotuan\\Documents\\practice-katalon-demo\\Reports\\20230413_140918\\Login\\20230413_140924"/>
         <property name="logFiles" value="D:\\Users\\kngotuan\\Documents\\practice-katalon-demo\\Reports\\20230413_140918\\Login\\20230413_140924\\execution0.log"/>
         <property name="attachments" value=""/>
         <property name="hostName" value="VIETNAM-5034$ - VIETNAM-5034.corp.hds.com"/>
         <property name="os" value="Windows 10 64bit"/>
         <property name="katalonVersion" value="8.6.0.208"/>
         <property name="browser" value="Chrome 112.0.0.0"/>
         <property name="hostAddress" value="192.168.101.52"/>
         <property name="sessionId" value="4afca900e078ca15f363e5fe275bc3ab"/>
         <property name="seleniumVersion" value="3.141.59"/>
         <property name="proxyInformation" value="ProxyInformation { proxyOption=NO_PROXY, proxyServerType=HTTP, username=, password=********, proxyServerAddress=, proxyServerPort=0, executionList=&quot;&quot;, isApplyToDesiredCapabilities=true }"/>
         <property name="platform" value="Windows 10"/>
      </properties>
      <testcase name="Test Cases/Login/TC_1_Sign In Successfully" time="37.562" classname="Test Cases/Login/TC_1_Sign In Successfully" status="PASSED">
         <system-out><![CDATA[2023-04-13 14:09:27 - [TEST_CASE][PASSED] - Test Cases/Login/TC_1_Sign In Successfully: Test Cases/Login/TC_1_Sign In Successfully

2023-04-13 14:09:27 - [TEST_STEP][PASSED] - Start listener action : sampleBeforeTestCase: null

2023-04-13 14:09:27 - [TEST_STEP][PASSED] - println(testCaseContext.getTestCaseId()): null

2023-04-13 14:09:27 - [TEST_STEP][PASSED] - println(testCaseContext.getTestCaseVariables()): null

2023-04-13 14:09:27 - [TEST_STEP][PASSED] - Start listener action : sampleBeforeTestCase: Browser is opened with url: 'https://katalon-demo-cura.herokuapp.com/'

2023-04-13 14:09:27 - [TEST_STEP][PASSED] - println(testCaseContext.getTestCaseId()): null

2023-04-13 14:09:27 - [TEST_STEP][PASSED] - openBrowser(gURL): Browser is opened with url: 'https://katalon-demo-cura.herokuapp.com/'

2023-04-13 14:09:27 - [MESSAGE][INFO] - Starting 'Chrome' driver

2023-04-13 14:09:27 - [MESSAGE][INFO] - Action delay is set to 0 milliseconds

2023-04-13 14:09:59 - [MESSAGE][PASSED] - Browser is opened with url: 'https://katalon-demo-cura.herokuapp.com/'

2023-04-13 14:09:59 - [TEST_STEP][PASSED] - click(findTestObject("Object Repository/Page_CURA Healthcare Service Login/btnMakeAppointment")): Object: 'Object Repository/Page_CURA Healthcare Service Login/btnMakeAppointment' is clicked on

2023-04-13 14:10:01 - [MESSAGE][PASSED] - Object: 'Object Repository/Page_CURA Healthcare Service Login/btnMakeAppointment' is clicked on

2023-04-13 14:10:01 - [TEST_STEP][PASSED] - setText(findTestObject("Object Repository/Page_CURA Healthcare Service Login/txfUsername"), gUserName): Text 'John Doe' is set on object 'Object Repository/Page_CURA Healthcare Service Login/txfUsername'

2023-04-13 14:10:01 - [MESSAGE][PASSED] - Text 'John Doe' is set on object 'Object Repository/Page_CURA Healthcare Service Login/txfUsername'

2023-04-13 14:10:01 - [TEST_STEP][PASSED] - setText(findTestObject("Object Repository/Page_CURA Healthcare Service Login/txfPassword"), gPassword): Text 'ThisIsNotAPassword' is set on object 'Object Repository/Page_CURA Healthcare Service Login/txfPassword'

2023-04-13 14:10:02 - [MESSAGE][PASSED] - Text 'ThisIsNotAPassword' is set on object 'Object Repository/Page_CURA Healthcare Service Login/txfPassword'

2023-04-13 14:10:02 - [TEST_STEP][PASSED] - click(findTestObject("Object Repository/Page_CURA Healthcare Service Login/btnLogin")): Object: 'Object Repository/Page_CURA Healthcare Service Login/btnLogin' is clicked on

2023-04-13 14:10:03 - [MESSAGE][PASSED] - Object: 'Object Repository/Page_CURA Healthcare Service Login/btnLogin' is clicked on

2023-04-13 14:10:03 - [TEST_STEP][PASSED] - verifyElementPresent(findTestObject("Object Repository/Page_CURA Healthcare Service Login/lblMakeAppointment"), 30): Object 'Object Repository/Page_CURA Healthcare Service Login/lblMakeAppointment' is present

2023-04-13 14:10:03 - [MESSAGE][PASSED] - Object 'Object Repository/Page_CURA Healthcare Service Login/lblMakeAppointment' is present

2023-04-13 14:10:03 - [TEST_STEP][PASSED] - Start listener action : sampleAfterTestCase: null

2023-04-13 14:10:03 - [TEST_STEP][PASSED] - println(testCaseContext.getTestCaseId()): null

2023-04-13 14:10:03 - [TEST_STEP][PASSED] - println(testCaseContext.getTestCaseStatus()): null

2023-04-13 14:10:04 - [TEST_STEP][PASSED] - Start listener action : sampleAfterTestCase: Browser is closed

2023-04-13 14:10:04 - [TEST_STEP][PASSED] - closeBrowser(): Browser is closed

2023-04-13 14:10:04 - [MESSAGE][PASSED] - Browser is closed]]></system-out>
         <system-err><![CDATA[]]></system-err>
      </testcase>
      <testcase name="Test Cases/Login/TC_2,3_Sign In With Invalid Data" time="9.204" classname="Test Cases/Login/TC_2,3_Sign In With Invalid Data" status="PASSED">
         <system-out><![CDATA[2023-04-13 14:10:04 - [TEST_CASE][PASSED] - Test Cases/Login/TC_2,3_Sign In With Invalid Data: Test Cases/Login/TC_2,3_Sign In With Invalid Data

2023-04-13 14:10:04 - [TEST_STEP][PASSED] - Start listener action : sampleBeforeTestCase: null

2023-04-13 14:10:04 - [TEST_STEP][PASSED] - println(testCaseContext.getTestCaseId()): null

2023-04-13 14:10:04 - [TEST_STEP][PASSED] - println(testCaseContext.getTestCaseVariables()): null

2023-04-13 14:10:04 - [TEST_STEP][PASSED] - Start listener action : sampleBeforeTestCase: Browser is opened with url: 'https://katalon-demo-cura.herokuapp.com/'

2023-04-13 14:10:04 - [TEST_STEP][PASSED] - println(testCaseContext.getTestCaseId()): null

2023-04-13 14:10:04 - [TEST_STEP][PASSED] - openBrowser(gURL): Browser is opened with url: 'https://katalon-demo-cura.herokuapp.com/'

2023-04-13 14:10:04 - [MESSAGE][INFO] - Starting 'Chrome' driver

2023-04-13 14:10:04 - [MESSAGE][INFO] - Action delay is set to 0 milliseconds

2023-04-13 14:10:09 - [MESSAGE][PASSED] - Browser is opened with url: 'https://katalon-demo-cura.herokuapp.com/'

2023-04-13 14:10:09 - [TEST_STEP][PASSED] - errorMessage = "Login failed! Please ensure the username and password are valid.": null

2023-04-13 14:10:09 - [TEST_STEP][PASSED] - click(findTestObject("Object Repository/Page_CURA Healthcare Service Login/btnMakeAppointment")): Object: 'Object Repository/Page_CURA Healthcare Service Login/btnMakeAppointment' is clicked on

2023-04-13 14:10:10 - [MESSAGE][PASSED] - Object: 'Object Repository/Page_CURA Healthcare Service Login/btnMakeAppointment' is clicked on

2023-04-13 14:10:10 - [TEST_STEP][PASSED] - setText(findTestObject("Object Repository/Page_CURA Healthcare Service Login/txfUsername"), sUsername): Text '' is set on object 'Object Repository/Page_CURA Healthcare Service Login/txfUsername'

2023-04-13 14:10:10 - [MESSAGE][PASSED] - Text '' is set on object 'Object Repository/Page_CURA Healthcare Service Login/txfUsername'

2023-04-13 14:10:10 - [TEST_STEP][PASSED] - setText(findTestObject("Object Repository/Page_CURA Healthcare Service Login/txfPassword"), sPassword): Text 'ThisIsNotAPassword' is set on object 'Object Repository/Page_CURA Healthcare Service Login/txfPassword'

2023-04-13 14:10:11 - [MESSAGE][PASSED] - Text 'ThisIsNotAPassword' is set on object 'Object Repository/Page_CURA Healthcare Service Login/txfPassword'

2023-04-13 14:10:11 - [TEST_STEP][PASSED] - click(findTestObject("Object Repository/Page_CURA Healthcare Service Login/btnLogin")): Object: 'Object Repository/Page_CURA Healthcare Service Login/btnLogin' is clicked on

2023-04-13 14:10:12 - [MESSAGE][PASSED] - Object: 'Object Repository/Page_CURA Healthcare Service Login/btnLogin' is clicked on

2023-04-13 14:10:12 - [TEST_STEP][PASSED] - verifyElementText(findTestObject("Object Repository/Page_CURA Healthcare Service Login/txvLoginError"), errorMessage, STOP_ON_FAILURE): Actual text and expected text of test object 'Object Repository/Page_CURA Healthcare Service Login/txvLoginError' are matched.

2023-04-13 14:10:12 - [MESSAGE][PASSED] - Actual text and expected text of test object 'Object Repository/Page_CURA Healthcare Service Login/txvLoginError' are matched.

2023-04-13 14:10:12 - [TEST_STEP][PASSED] - Start listener action : sampleAfterTestCase: null

2023-04-13 14:10:12 - [TEST_STEP][PASSED] - println(testCaseContext.getTestCaseId()): null

2023-04-13 14:10:12 - [TEST_STEP][PASSED] - println(testCaseContext.getTestCaseStatus()): null

2023-04-13 14:10:12 - [TEST_STEP][PASSED] - Start listener action : sampleAfterTestCase: Browser is closed

2023-04-13 14:10:12 - [TEST_STEP][PASSED] - closeBrowser(): Browser is closed

2023-04-13 14:10:13 - [MESSAGE][PASSED] - Browser is closed]]></system-out>
         <system-err><![CDATA[]]></system-err>
      </testcase>
      <testcase name="Test Cases/Login/TC_2,3_Sign In With Invalid Data" time="41.609" classname="Test Cases/Login/TC_2,3_Sign In With Invalid Data" status="PASSED">
         <system-out><![CDATA[2023-04-13 14:10:13 - [TEST_CASE][PASSED] - Test Cases/Login/TC_2,3_Sign In With Invalid Data: Test Cases/Login/TC_2,3_Sign In With Invalid Data

2023-04-13 14:10:13 - [TEST_STEP][PASSED] - Start listener action : sampleBeforeTestCase: null

2023-04-13 14:10:13 - [TEST_STEP][PASSED] - println(testCaseContext.getTestCaseId()): null

2023-04-13 14:10:13 - [TEST_STEP][PASSED] - println(testCaseContext.getTestCaseVariables()): null

2023-04-13 14:10:13 - [TEST_STEP][PASSED] - Start listener action : sampleBeforeTestCase: Browser is opened with url: 'https://katalon-demo-cura.herokuapp.com/'

2023-04-13 14:10:13 - [TEST_STEP][PASSED] - println(testCaseContext.getTestCaseId()): null

2023-04-13 14:10:13 - [TEST_STEP][PASSED] - openBrowser(gURL): Browser is opened with url: 'https://katalon-demo-cura.herokuapp.com/'

2023-04-13 14:10:13 - [MESSAGE][INFO] - Starting 'Chrome' driver

2023-04-13 14:10:13 - [MESSAGE][INFO] - Action delay is set to 0 milliseconds

2023-04-13 14:10:50 - [MESSAGE][PASSED] - Browser is opened with url: 'https://katalon-demo-cura.herokuapp.com/'

2023-04-13 14:10:50 - [TEST_STEP][PASSED] - errorMessage = "Login failed! Please ensure the username and password are valid.": null

2023-04-13 14:10:50 - [TEST_STEP][PASSED] - click(findTestObject("Object Repository/Page_CURA Healthcare Service Login/btnMakeAppointment")): Object: 'Object Repository/Page_CURA Healthcare Service Login/btnMakeAppointment' is clicked on

2023-04-13 14:10:51 - [MESSAGE][PASSED] - Object: 'Object Repository/Page_CURA Healthcare Service Login/btnMakeAppointment' is clicked on

2023-04-13 14:10:51 - [TEST_STEP][PASSED] - setText(findTestObject("Object Repository/Page_CURA Healthcare Service Login/txfUsername"), sUsername): Text 'John' is set on object 'Object Repository/Page_CURA Healthcare Service Login/txfUsername'

2023-04-13 14:10:52 - [MESSAGE][PASSED] - Text 'John' is set on object 'Object Repository/Page_CURA Healthcare Service Login/txfUsername'

2023-04-13 14:10:52 - [TEST_STEP][PASSED] - setText(findTestObject("Object Repository/Page_CURA Healthcare Service Login/txfPassword"), sPassword): Text 'ThisIsNotAPassword' is set on object 'Object Repository/Page_CURA Healthcare Service Login/txfPassword'

2023-04-13 14:10:52 - [MESSAGE][PASSED] - Text 'ThisIsNotAPassword' is set on object 'Object Repository/Page_CURA Healthcare Service Login/txfPassword'

2023-04-13 14:10:52 - [TEST_STEP][PASSED] - click(findTestObject("Object Repository/Page_CURA Healthcare Service Login/btnLogin")): Object: 'Object Repository/Page_CURA Healthcare Service Login/btnLogin' is clicked on

2023-04-13 14:10:54 - [MESSAGE][PASSED] - Object: 'Object Repository/Page_CURA Healthcare Service Login/btnLogin' is clicked on

2023-04-13 14:10:54 - [TEST_STEP][PASSED] - verifyElementText(findTestObject("Object Repository/Page_CURA Healthcare Service Login/txvLoginError"), errorMessage, STOP_ON_FAILURE): Actual text and expected text of test object 'Object Repository/Page_CURA Healthcare Service Login/txvLoginError' are matched.

2023-04-13 14:10:54 - [MESSAGE][PASSED] - Actual text and expected text of test object 'Object Repository/Page_CURA Healthcare Service Login/txvLoginError' are matched.

2023-04-13 14:10:54 - [TEST_STEP][PASSED] - Start listener action : sampleAfterTestCase: null

2023-04-13 14:10:54 - [TEST_STEP][PASSED] - println(testCaseContext.getTestCaseId()): null

2023-04-13 14:10:54 - [TEST_STEP][PASSED] - println(testCaseContext.getTestCaseStatus()): null

2023-04-13 14:10:54 - [TEST_STEP][PASSED] - Start listener action : sampleAfterTestCase: Browser is closed

2023-04-13 14:10:54 - [TEST_STEP][PASSED] - closeBrowser(): Browser is closed

2023-04-13 14:10:55 - [MESSAGE][PASSED] - Browser is closed]]></system-out>
         <system-err><![CDATA[]]></system-err>
      </testcase>
      <testcase name="Test Cases/Login/TC_2,3_Sign In With Invalid Data" time="30.219" classname="Test Cases/Login/TC_2,3_Sign In With Invalid Data" status="PASSED">
         <system-out><![CDATA[2023-04-13 14:10:55 - [TEST_CASE][PASSED] - Test Cases/Login/TC_2,3_Sign In With Invalid Data: Test Cases/Login/TC_2,3_Sign In With Invalid Data

2023-04-13 14:10:55 - [TEST_STEP][PASSED] - Start listener action : sampleBeforeTestCase: null

2023-04-13 14:10:55 - [TEST_STEP][PASSED] - println(testCaseContext.getTestCaseId()): null

2023-04-13 14:10:55 - [TEST_STEP][PASSED] - println(testCaseContext.getTestCaseVariables()): null

2023-04-13 14:10:55 - [TEST_STEP][PASSED] - Start listener action : sampleBeforeTestCase: Browser is opened with url: 'https://katalon-demo-cura.herokuapp.com/'

2023-04-13 14:10:55 - [TEST_STEP][PASSED] - println(testCaseContext.getTestCaseId()): null

2023-04-13 14:10:55 - [TEST_STEP][PASSED] - openBrowser(gURL): Browser is opened with url: 'https://katalon-demo-cura.herokuapp.com/'

2023-04-13 14:10:55 - [MESSAGE][INFO] - Starting 'Chrome' driver

2023-04-13 14:10:55 - [MESSAGE][INFO] - Action delay is set to 0 milliseconds

2023-04-13 14:11:20 - [MESSAGE][PASSED] - Browser is opened with url: 'https://katalon-demo-cura.herokuapp.com/'

2023-04-13 14:11:20 - [TEST_STEP][PASSED] - errorMessage = "Login failed! Please ensure the username and password are valid.": null

2023-04-13 14:11:20 - [TEST_STEP][PASSED] - click(findTestObject("Object Repository/Page_CURA Healthcare Service Login/btnMakeAppointment")): Object: 'Object Repository/Page_CURA Healthcare Service Login/btnMakeAppointment' is clicked on

2023-04-13 14:11:21 - [MESSAGE][PASSED] - Object: 'Object Repository/Page_CURA Healthcare Service Login/btnMakeAppointment' is clicked on

2023-04-13 14:11:21 - [TEST_STEP][PASSED] - setText(findTestObject("Object Repository/Page_CURA Healthcare Service Login/txfUsername"), sUsername): Text 'John Doe' is set on object 'Object Repository/Page_CURA Healthcare Service Login/txfUsername'

2023-04-13 14:11:22 - [MESSAGE][PASSED] - Text 'John Doe' is set on object 'Object Repository/Page_CURA Healthcare Service Login/txfUsername'

2023-04-13 14:11:22 - [TEST_STEP][PASSED] - setText(findTestObject("Object Repository/Page_CURA Healthcare Service Login/txfPassword"), sPassword): Text 'Abc' is set on object 'Object Repository/Page_CURA Healthcare Service Login/txfPassword'

2023-04-13 14:11:22 - [MESSAGE][PASSED] - Text 'Abc' is set on object 'Object Repository/Page_CURA Healthcare Service Login/txfPassword'

2023-04-13 14:11:22 - [TEST_STEP][PASSED] - click(findTestObject("Object Repository/Page_CURA Healthcare Service Login/btnLogin")): Object: 'Object Repository/Page_CURA Healthcare Service Login/btnLogin' is clicked on

2023-04-13 14:11:23 - [MESSAGE][PASSED] - Object: 'Object Repository/Page_CURA Healthcare Service Login/btnLogin' is clicked on

2023-04-13 14:11:23 - [TEST_STEP][PASSED] - verifyElementText(findTestObject("Object Repository/Page_CURA Healthcare Service Login/txvLoginError"), errorMessage, STOP_ON_FAILURE): Actual text and expected text of test object 'Object Repository/Page_CURA Healthcare Service Login/txvLoginError' are matched.

2023-04-13 14:11:24 - [MESSAGE][PASSED] - Actual text and expected text of test object 'Object Repository/Page_CURA Healthcare Service Login/txvLoginError' are matched.

2023-04-13 14:11:24 - [TEST_STEP][PASSED] - Start listener action : sampleAfterTestCase: null

2023-04-13 14:11:24 - [TEST_STEP][PASSED] - println(testCaseContext.getTestCaseId()): null

2023-04-13 14:11:24 - [TEST_STEP][PASSED] - println(testCaseContext.getTestCaseStatus()): null

2023-04-13 14:11:24 - [TEST_STEP][PASSED] - Start listener action : sampleAfterTestCase: Browser is closed

2023-04-13 14:11:24 - [TEST_STEP][PASSED] - closeBrowser(): Browser is closed

2023-04-13 14:11:25 - [MESSAGE][PASSED] - Browser is closed]]></system-out>
         <system-err><![CDATA[]]></system-err>
      </testcase>
      <testcase name="Test Cases/Login/TC_2,3_Sign In With Invalid Data" time="12.573" classname="Test Cases/Login/TC_2,3_Sign In With Invalid Data" status="PASSED">
         <system-out><![CDATA[2023-04-13 14:11:25 - [TEST_CASE][PASSED] - Test Cases/Login/TC_2,3_Sign In With Invalid Data: Test Cases/Login/TC_2,3_Sign In With Invalid Data

2023-04-13 14:11:25 - [TEST_STEP][PASSED] - Start listener action : sampleBeforeTestCase: null

2023-04-13 14:11:25 - [TEST_STEP][PASSED] - println(testCaseContext.getTestCaseId()): null

2023-04-13 14:11:25 - [TEST_STEP][PASSED] - println(testCaseContext.getTestCaseVariables()): null

2023-04-13 14:11:25 - [TEST_STEP][PASSED] - Start listener action : sampleBeforeTestCase: Browser is opened with url: 'https://katalon-demo-cura.herokuapp.com/'

2023-04-13 14:11:25 - [TEST_STEP][PASSED] - println(testCaseContext.getTestCaseId()): null

2023-04-13 14:11:25 - [TEST_STEP][PASSED] - openBrowser(gURL): Browser is opened with url: 'https://katalon-demo-cura.herokuapp.com/'

2023-04-13 14:11:25 - [MESSAGE][INFO] - Starting 'Chrome' driver

2023-04-13 14:11:25 - [MESSAGE][INFO] - Action delay is set to 0 milliseconds

2023-04-13 14:11:34 - [MESSAGE][PASSED] - Browser is opened with url: 'https://katalon-demo-cura.herokuapp.com/'

2023-04-13 14:11:34 - [TEST_STEP][PASSED] - errorMessage = "Login failed! Please ensure the username and password are valid.": null

2023-04-13 14:11:34 - [TEST_STEP][PASSED] - click(findTestObject("Object Repository/Page_CURA Healthcare Service Login/btnMakeAppointment")): Object: 'Object Repository/Page_CURA Healthcare Service Login/btnMakeAppointment' is clicked on

2023-04-13 14:11:34 - [MESSAGE][PASSED] - Object: 'Object Repository/Page_CURA Healthcare Service Login/btnMakeAppointment' is clicked on

2023-04-13 14:11:34 - [TEST_STEP][PASSED] - setText(findTestObject("Object Repository/Page_CURA Healthcare Service Login/txfUsername"), sUsername): Text 'John Doe' is set on object 'Object Repository/Page_CURA Healthcare Service Login/txfUsername'

2023-04-13 14:11:35 - [MESSAGE][PASSED] - Text 'John Doe' is set on object 'Object Repository/Page_CURA Healthcare Service Login/txfUsername'

2023-04-13 14:11:35 - [TEST_STEP][PASSED] - setText(findTestObject("Object Repository/Page_CURA Healthcare Service Login/txfPassword"), sPassword): Text '' is set on object 'Object Repository/Page_CURA Healthcare Service Login/txfPassword'

2023-04-13 14:11:36 - [MESSAGE][PASSED] - Text '' is set on object 'Object Repository/Page_CURA Healthcare Service Login/txfPassword'

2023-04-13 14:11:36 - [TEST_STEP][PASSED] - click(findTestObject("Object Repository/Page_CURA Healthcare Service Login/btnLogin")): Object: 'Object Repository/Page_CURA Healthcare Service Login/btnLogin' is clicked on

2023-04-13 14:11:37 - [MESSAGE][PASSED] - Object: 'Object Repository/Page_CURA Healthcare Service Login/btnLogin' is clicked on

2023-04-13 14:11:37 - [TEST_STEP][PASSED] - verifyElementText(findTestObject("Object Repository/Page_CURA Healthcare Service Login/txvLoginError"), errorMessage, STOP_ON_FAILURE): Actual text and expected text of test object 'Object Repository/Page_CURA Healthcare Service Login/txvLoginError' are matched.

2023-04-13 14:11:37 - [MESSAGE][PASSED] - Actual text and expected text of test object 'Object Repository/Page_CURA Healthcare Service Login/txvLoginError' are matched.

2023-04-13 14:11:37 - [TEST_STEP][PASSED] - Start listener action : sampleAfterTestCase: null

2023-04-13 14:11:37 - [TEST_STEP][PASSED] - println(testCaseContext.getTestCaseId()): null

2023-04-13 14:11:37 - [TEST_STEP][PASSED] - println(testCaseContext.getTestCaseStatus()): null

2023-04-13 14:11:37 - [TEST_STEP][PASSED] - Start listener action : sampleAfterTestCase: Browser is closed

2023-04-13 14:11:37 - [TEST_STEP][PASSED] - closeBrowser(): Browser is closed

2023-04-13 14:11:38 - [MESSAGE][PASSED] - Browser is closed]]></system-out>
         <system-err><![CDATA[]]></system-err>
      </testcase>
      <system-out><![CDATA[2023-04-13 14:09:26 - [TEST_SUITE][PASSED] - Login: Test Cases/Login/TC_2,3_Sign In With Invalid Data]]></system-out>
      <system-err><![CDATA[]]></system-err>
   </testsuite>
</testsuites>
