<?xml version="1.0" encoding="UTF-8"?>
<testsuites name="Login" time="107.437" tests="5" failures="0" errors="0">
   <testsuite name="Login" tests="5" failures="0" errors="0" time="107.437" skipped="0" timestamp="2023-04-03 17:50:14" hostname="VIETNAM-5034$ - VIETNAM-5034.corp.hds.com" id="Test Suites/Login">
      <properties>
         <property name="deviceName" value=""/>
         <property name="devicePlatform" value=""/>
         <property name="logFolder" value="D:\\Users\\kngotuan\\Documents\\practice-katalon-demo\\Reports\\20230403_175006\\Login\\20230403_175012"/>
         <property name="logFiles" value="D:\\Users\\kngotuan\\Documents\\practice-katalon-demo\\Reports\\20230403_175006\\Login\\20230403_175012\\execution0.log"/>
         <property name="attachments" value=""/>
         <property name="hostName" value="VIETNAM-5034$ - VIETNAM-5034.corp.hds.com"/>
         <property name="os" value="Windows 10 64bit"/>
         <property name="katalonVersion" value="8.6.0.208"/>
         <property name="browser" value="Chrome 111.0.0.0"/>
         <property name="hostAddress" value="192.168.101.52"/>
         <property name="sessionId" value="0cbfbd316a6cd2596aa88d3c8663a69e"/>
         <property name="seleniumVersion" value="3.141.59"/>
         <property name="proxyInformation" value="ProxyInformation { proxyOption=NO_PROXY, proxyServerType=HTTP, username=, password=********, proxyServerAddress=, proxyServerPort=0, executionList=&quot;&quot;, isApplyToDesiredCapabilities=true }"/>
         <property name="platform" value="Windows 10"/>
      </properties>
      <testcase name="Test Cases/Login/TC_1_Sign In Successfully" time="11.782" classname="Test Cases/Login/TC_1_Sign In Successfully" status="PASSED">
         <system-out><![CDATA[2023-04-03 17:50:14 - [TEST_CASE][PASSED] - Test Cases/Login/TC_1_Sign In Successfully: Test Cases/Login/TC_1_Sign In Successfully

2023-04-03 17:50:14 - [TEST_STEP][PASSED] - Start listener action : sampleBeforeTestCase: null

2023-04-03 17:50:14 - [TEST_STEP][PASSED] - println(testCaseContext.getTestCaseId()): null

2023-04-03 17:50:14 - [TEST_STEP][PASSED] - println(testCaseContext.getTestCaseVariables()): null

2023-04-03 17:50:14 - [TEST_STEP][PASSED] - Start listener action : sampleBeforeTestCase: Browser is opened with url: 'https://katalon-demo-cura.herokuapp.com/'

2023-04-03 17:50:14 - [TEST_STEP][PASSED] - println(testCaseContext.getTestCaseId()): null

2023-04-03 17:50:14 - [TEST_STEP][PASSED] - openBrowser(gURL): Browser is opened with url: 'https://katalon-demo-cura.herokuapp.com/'

2023-04-03 17:50:15 - [MESSAGE][INFO] - Starting 'Chrome' driver

2023-04-03 17:50:15 - [MESSAGE][INFO] - Action delay is set to 0 milliseconds

2023-04-03 17:50:21 - [MESSAGE][PASSED] - Browser is opened with url: 'https://katalon-demo-cura.herokuapp.com/'

2023-04-03 17:50:21 - [TEST_STEP][PASSED] - click(findTestObject("Object Repository/Page_CURA Healthcare Service Login/btnMakeAppointment")): Object: 'Object Repository/Page_CURA Healthcare Service Login/btnMakeAppointment' is clicked on

2023-04-03 17:50:22 - [MESSAGE][PASSED] - Object: 'Object Repository/Page_CURA Healthcare Service Login/btnMakeAppointment' is clicked on

2023-04-03 17:50:22 - [TEST_STEP][PASSED] - setText(findTestObject("Object Repository/Page_CURA Healthcare Service Login/txfUsername"), gUserName): Text 'John Doe' is set on object 'Object Repository/Page_CURA Healthcare Service Login/txfUsername'

2023-04-03 17:50:22 - [MESSAGE][PASSED] - Text 'John Doe' is set on object 'Object Repository/Page_CURA Healthcare Service Login/txfUsername'

2023-04-03 17:50:22 - [TEST_STEP][PASSED] - setText(findTestObject("Object Repository/Page_CURA Healthcare Service Login/txfPassword"), gPassword): Text 'ThisIsNotAPassword' is set on object 'Object Repository/Page_CURA Healthcare Service Login/txfPassword'

2023-04-03 17:50:23 - [MESSAGE][PASSED] - Text 'ThisIsNotAPassword' is set on object 'Object Repository/Page_CURA Healthcare Service Login/txfPassword'

2023-04-03 17:50:23 - [TEST_STEP][PASSED] - click(findTestObject("Object Repository/Page_CURA Healthcare Service Login/btnLogin")): Object: 'Object Repository/Page_CURA Healthcare Service Login/btnLogin' is clicked on

2023-04-03 17:50:25 - [MESSAGE][PASSED] - Object: 'Object Repository/Page_CURA Healthcare Service Login/btnLogin' is clicked on

2023-04-03 17:50:25 - [TEST_STEP][PASSED] - verifyElementPresent(findTestObject("Object Repository/Page_CURA Healthcare Service Login/lblMakeAppointment"), 30): Object 'Object Repository/Page_CURA Healthcare Service Login/lblMakeAppointment' is present

2023-04-03 17:50:25 - [MESSAGE][PASSED] - Object 'Object Repository/Page_CURA Healthcare Service Login/lblMakeAppointment' is present

2023-04-03 17:50:25 - [TEST_STEP][PASSED] - Start listener action : sampleAfterTestCase: null

2023-04-03 17:50:25 - [TEST_STEP][PASSED] - println(testCaseContext.getTestCaseId()): null

2023-04-03 17:50:25 - [TEST_STEP][PASSED] - println(testCaseContext.getTestCaseStatus()): null

2023-04-03 17:50:25 - [TEST_STEP][PASSED] - Start listener action : sampleAfterTestCase: Browser is closed

2023-04-03 17:50:25 - [TEST_STEP][PASSED] - closeBrowser(): Browser is closed

2023-04-03 17:50:26 - [MESSAGE][PASSED] - Browser is closed]]></system-out>
         <system-err><![CDATA[]]></system-err>
      </testcase>
      <testcase name="Test Cases/Login/TC_2,3_Sign In With Invalid Data" time="41.808" classname="Test Cases/Login/TC_2,3_Sign In With Invalid Data" status="PASSED">
         <system-out><![CDATA[2023-04-03 17:50:26 - [TEST_CASE][PASSED] - Test Cases/Login/TC_2,3_Sign In With Invalid Data: Test Cases/Login/TC_2,3_Sign In With Invalid Data

2023-04-03 17:50:26 - [TEST_STEP][PASSED] - Start listener action : sampleBeforeTestCase: null

2023-04-03 17:50:26 - [TEST_STEP][PASSED] - println(testCaseContext.getTestCaseId()): null

2023-04-03 17:50:26 - [TEST_STEP][PASSED] - println(testCaseContext.getTestCaseVariables()): null

2023-04-03 17:50:26 - [TEST_STEP][PASSED] - Start listener action : sampleBeforeTestCase: Browser is opened with url: 'https://katalon-demo-cura.herokuapp.com/'

2023-04-03 17:50:26 - [TEST_STEP][PASSED] - println(testCaseContext.getTestCaseId()): null

2023-04-03 17:50:26 - [TEST_STEP][PASSED] - openBrowser(gURL): Browser is opened with url: 'https://katalon-demo-cura.herokuapp.com/'

2023-04-03 17:50:26 - [MESSAGE][INFO] - Starting 'Chrome' driver

2023-04-03 17:50:26 - [MESSAGE][INFO] - Action delay is set to 0 milliseconds

2023-04-03 17:51:03 - [MESSAGE][PASSED] - Browser is opened with url: 'https://katalon-demo-cura.herokuapp.com/'

2023-04-03 17:51:04 - [TEST_STEP][PASSED] - errorMessage = "Login failed! Please ensure the username and password are valid.": null

2023-04-03 17:51:04 - [TEST_STEP][PASSED] - click(findTestObject("Object Repository/Page_CURA Healthcare Service Login/btnMakeAppointment")): Object: 'Object Repository/Page_CURA Healthcare Service Login/btnMakeAppointment' is clicked on

2023-04-03 17:51:04 - [MESSAGE][PASSED] - Object: 'Object Repository/Page_CURA Healthcare Service Login/btnMakeAppointment' is clicked on

2023-04-03 17:51:04 - [TEST_STEP][PASSED] - setText(findTestObject("Object Repository/Page_CURA Healthcare Service Login/txfUsername"), sUsername): Text '' is set on object 'Object Repository/Page_CURA Healthcare Service Login/txfUsername'

2023-04-03 17:51:05 - [MESSAGE][PASSED] - Text '' is set on object 'Object Repository/Page_CURA Healthcare Service Login/txfUsername'

2023-04-03 17:51:05 - [TEST_STEP][PASSED] - setText(findTestObject("Object Repository/Page_CURA Healthcare Service Login/txfPassword"), sPassword): Text 'ThisIsNotAPassword' is set on object 'Object Repository/Page_CURA Healthcare Service Login/txfPassword'

2023-04-03 17:51:06 - [MESSAGE][PASSED] - Text 'ThisIsNotAPassword' is set on object 'Object Repository/Page_CURA Healthcare Service Login/txfPassword'

2023-04-03 17:51:06 - [TEST_STEP][PASSED] - click(findTestObject("Object Repository/Page_CURA Healthcare Service Login/btnLogin")): Object: 'Object Repository/Page_CURA Healthcare Service Login/btnLogin' is clicked on

2023-04-03 17:51:07 - [MESSAGE][PASSED] - Object: 'Object Repository/Page_CURA Healthcare Service Login/btnLogin' is clicked on

2023-04-03 17:51:07 - [TEST_STEP][PASSED] - verifyElementText(findTestObject("Object Repository/Page_CURA Healthcare Service Login/txvLoginError"), errorMessage, STOP_ON_FAILURE): Actual text and expected text of test object 'Object Repository/Page_CURA Healthcare Service Login/txvLoginError' are matched.

2023-04-03 17:51:07 - [MESSAGE][PASSED] - Actual text and expected text of test object 'Object Repository/Page_CURA Healthcare Service Login/txvLoginError' are matched.

2023-04-03 17:51:07 - [TEST_STEP][PASSED] - Start listener action : sampleAfterTestCase: null

2023-04-03 17:51:07 - [TEST_STEP][PASSED] - println(testCaseContext.getTestCaseId()): null

2023-04-03 17:51:07 - [TEST_STEP][PASSED] - println(testCaseContext.getTestCaseStatus()): null

2023-04-03 17:51:07 - [TEST_STEP][PASSED] - Start listener action : sampleAfterTestCase: Browser is closed

2023-04-03 17:51:07 - [TEST_STEP][PASSED] - closeBrowser(): Browser is closed

2023-04-03 17:51:08 - [MESSAGE][PASSED] - Browser is closed]]></system-out>
         <system-err><![CDATA[]]></system-err>
      </testcase>
      <testcase name="Test Cases/Login/TC_2,3_Sign In With Invalid Data" time="11.343" classname="Test Cases/Login/TC_2,3_Sign In With Invalid Data" status="PASSED">
         <system-out><![CDATA[2023-04-03 17:51:08 - [TEST_CASE][PASSED] - Test Cases/Login/TC_2,3_Sign In With Invalid Data: Test Cases/Login/TC_2,3_Sign In With Invalid Data

2023-04-03 17:51:08 - [TEST_STEP][PASSED] - Start listener action : sampleBeforeTestCase: null

2023-04-03 17:51:08 - [TEST_STEP][PASSED] - println(testCaseContext.getTestCaseId()): null

2023-04-03 17:51:08 - [TEST_STEP][PASSED] - println(testCaseContext.getTestCaseVariables()): null

2023-04-03 17:51:08 - [TEST_STEP][PASSED] - Start listener action : sampleBeforeTestCase: Browser is opened with url: 'https://katalon-demo-cura.herokuapp.com/'

2023-04-03 17:51:08 - [TEST_STEP][PASSED] - println(testCaseContext.getTestCaseId()): null

2023-04-03 17:51:08 - [TEST_STEP][PASSED] - openBrowser(gURL): Browser is opened with url: 'https://katalon-demo-cura.herokuapp.com/'

2023-04-03 17:51:08 - [MESSAGE][INFO] - Starting 'Chrome' driver

2023-04-03 17:51:08 - [MESSAGE][INFO] - Action delay is set to 0 milliseconds

2023-04-03 17:51:13 - [MESSAGE][PASSED] - Browser is opened with url: 'https://katalon-demo-cura.herokuapp.com/'

2023-04-03 17:51:13 - [TEST_STEP][PASSED] - errorMessage = "Login failed! Please ensure the username and password are valid.": null

2023-04-03 17:51:13 - [TEST_STEP][PASSED] - click(findTestObject("Object Repository/Page_CURA Healthcare Service Login/btnMakeAppointment")): Object: 'Object Repository/Page_CURA Healthcare Service Login/btnMakeAppointment' is clicked on

2023-04-03 17:51:15 - [MESSAGE][PASSED] - Object: 'Object Repository/Page_CURA Healthcare Service Login/btnMakeAppointment' is clicked on

2023-04-03 17:51:15 - [TEST_STEP][PASSED] - setText(findTestObject("Object Repository/Page_CURA Healthcare Service Login/txfUsername"), sUsername): Text 'John' is set on object 'Object Repository/Page_CURA Healthcare Service Login/txfUsername'

2023-04-03 17:51:16 - [MESSAGE][PASSED] - Text 'John' is set on object 'Object Repository/Page_CURA Healthcare Service Login/txfUsername'

2023-04-03 17:51:16 - [TEST_STEP][PASSED] - setText(findTestObject("Object Repository/Page_CURA Healthcare Service Login/txfPassword"), sPassword): Text 'ThisIsNotAPassword' is set on object 'Object Repository/Page_CURA Healthcare Service Login/txfPassword'

2023-04-03 17:51:17 - [MESSAGE][PASSED] - Text 'ThisIsNotAPassword' is set on object 'Object Repository/Page_CURA Healthcare Service Login/txfPassword'

2023-04-03 17:51:17 - [TEST_STEP][PASSED] - click(findTestObject("Object Repository/Page_CURA Healthcare Service Login/btnLogin")): Object: 'Object Repository/Page_CURA Healthcare Service Login/btnLogin' is clicked on

2023-04-03 17:51:18 - [MESSAGE][PASSED] - Object: 'Object Repository/Page_CURA Healthcare Service Login/btnLogin' is clicked on

2023-04-03 17:51:18 - [TEST_STEP][PASSED] - verifyElementText(findTestObject("Object Repository/Page_CURA Healthcare Service Login/txvLoginError"), errorMessage, STOP_ON_FAILURE): Actual text and expected text of test object 'Object Repository/Page_CURA Healthcare Service Login/txvLoginError' are matched.

2023-04-03 17:51:18 - [MESSAGE][PASSED] - Actual text and expected text of test object 'Object Repository/Page_CURA Healthcare Service Login/txvLoginError' are matched.

2023-04-03 17:51:18 - [TEST_STEP][PASSED] - Start listener action : sampleAfterTestCase: null

2023-04-03 17:51:18 - [TEST_STEP][PASSED] - println(testCaseContext.getTestCaseId()): null

2023-04-03 17:51:18 - [TEST_STEP][PASSED] - println(testCaseContext.getTestCaseStatus()): null

2023-04-03 17:51:18 - [TEST_STEP][PASSED] - Start listener action : sampleAfterTestCase: Browser is closed

2023-04-03 17:51:18 - [TEST_STEP][PASSED] - closeBrowser(): Browser is closed

2023-04-03 17:51:19 - [MESSAGE][PASSED] - Browser is closed]]></system-out>
         <system-err><![CDATA[]]></system-err>
      </testcase>
      <testcase name="Test Cases/Login/TC_2,3_Sign In With Invalid Data" time="32.769" classname="Test Cases/Login/TC_2,3_Sign In With Invalid Data" status="PASSED">
         <system-out><![CDATA[2023-04-03 17:51:19 - [TEST_CASE][PASSED] - Test Cases/Login/TC_2,3_Sign In With Invalid Data: Test Cases/Login/TC_2,3_Sign In With Invalid Data

2023-04-03 17:51:19 - [TEST_STEP][PASSED] - Start listener action : sampleBeforeTestCase: null

2023-04-03 17:51:19 - [TEST_STEP][PASSED] - println(testCaseContext.getTestCaseId()): null

2023-04-03 17:51:19 - [TEST_STEP][PASSED] - println(testCaseContext.getTestCaseVariables()): null

2023-04-03 17:51:19 - [TEST_STEP][PASSED] - Start listener action : sampleBeforeTestCase: Browser is opened with url: 'https://katalon-demo-cura.herokuapp.com/'

2023-04-03 17:51:19 - [TEST_STEP][PASSED] - println(testCaseContext.getTestCaseId()): null

2023-04-03 17:51:19 - [TEST_STEP][PASSED] - openBrowser(gURL): Browser is opened with url: 'https://katalon-demo-cura.herokuapp.com/'

2023-04-03 17:51:19 - [MESSAGE][INFO] - Starting 'Chrome' driver

2023-04-03 17:51:19 - [MESSAGE][INFO] - Action delay is set to 0 milliseconds

2023-04-03 17:51:46 - [MESSAGE][PASSED] - Browser is opened with url: 'https://katalon-demo-cura.herokuapp.com/'

2023-04-03 17:51:46 - [TEST_STEP][PASSED] - errorMessage = "Login failed! Please ensure the username and password are valid.": null

2023-04-03 17:51:46 - [TEST_STEP][PASSED] - click(findTestObject("Object Repository/Page_CURA Healthcare Service Login/btnMakeAppointment")): Object: 'Object Repository/Page_CURA Healthcare Service Login/btnMakeAppointment' is clicked on

2023-04-03 17:51:49 - [MESSAGE][PASSED] - Object: 'Object Repository/Page_CURA Healthcare Service Login/btnMakeAppointment' is clicked on

2023-04-03 17:51:49 - [TEST_STEP][PASSED] - setText(findTestObject("Object Repository/Page_CURA Healthcare Service Login/txfUsername"), sUsername): Text 'John Doe' is set on object 'Object Repository/Page_CURA Healthcare Service Login/txfUsername'

2023-04-03 17:51:49 - [MESSAGE][PASSED] - Text 'John Doe' is set on object 'Object Repository/Page_CURA Healthcare Service Login/txfUsername'

2023-04-03 17:51:49 - [TEST_STEP][PASSED] - setText(findTestObject("Object Repository/Page_CURA Healthcare Service Login/txfPassword"), sPassword): Text 'Abc' is set on object 'Object Repository/Page_CURA Healthcare Service Login/txfPassword'

2023-04-03 17:51:50 - [MESSAGE][PASSED] - Text 'Abc' is set on object 'Object Repository/Page_CURA Healthcare Service Login/txfPassword'

2023-04-03 17:51:50 - [TEST_STEP][PASSED] - click(findTestObject("Object Repository/Page_CURA Healthcare Service Login/btnLogin")): Object: 'Object Repository/Page_CURA Healthcare Service Login/btnLogin' is clicked on

2023-04-03 17:51:51 - [MESSAGE][PASSED] - Object: 'Object Repository/Page_CURA Healthcare Service Login/btnLogin' is clicked on

2023-04-03 17:51:51 - [TEST_STEP][PASSED] - verifyElementText(findTestObject("Object Repository/Page_CURA Healthcare Service Login/txvLoginError"), errorMessage, STOP_ON_FAILURE): Actual text and expected text of test object 'Object Repository/Page_CURA Healthcare Service Login/txvLoginError' are matched.

2023-04-03 17:51:51 - [MESSAGE][PASSED] - Actual text and expected text of test object 'Object Repository/Page_CURA Healthcare Service Login/txvLoginError' are matched.

2023-04-03 17:51:51 - [TEST_STEP][PASSED] - Start listener action : sampleAfterTestCase: null

2023-04-03 17:51:51 - [TEST_STEP][PASSED] - println(testCaseContext.getTestCaseId()): null

2023-04-03 17:51:51 - [TEST_STEP][PASSED] - println(testCaseContext.getTestCaseStatus()): null

2023-04-03 17:51:51 - [TEST_STEP][PASSED] - Start listener action : sampleAfterTestCase: Browser is closed

2023-04-03 17:51:51 - [TEST_STEP][PASSED] - closeBrowser(): Browser is closed

2023-04-03 17:51:52 - [MESSAGE][PASSED] - Browser is closed]]></system-out>
         <system-err><![CDATA[]]></system-err>
      </testcase>
      <testcase name="Test Cases/Login/TC_2,3_Sign In With Invalid Data" time="9.487" classname="Test Cases/Login/TC_2,3_Sign In With Invalid Data" status="PASSED">
         <system-out><![CDATA[2023-04-03 17:51:52 - [TEST_CASE][PASSED] - Test Cases/Login/TC_2,3_Sign In With Invalid Data: Test Cases/Login/TC_2,3_Sign In With Invalid Data

2023-04-03 17:51:52 - [TEST_STEP][PASSED] - Start listener action : sampleBeforeTestCase: null

2023-04-03 17:51:52 - [TEST_STEP][PASSED] - println(testCaseContext.getTestCaseId()): null

2023-04-03 17:51:52 - [TEST_STEP][PASSED] - println(testCaseContext.getTestCaseVariables()): null

2023-04-03 17:51:52 - [TEST_STEP][PASSED] - Start listener action : sampleBeforeTestCase: Browser is opened with url: 'https://katalon-demo-cura.herokuapp.com/'

2023-04-03 17:51:52 - [TEST_STEP][PASSED] - println(testCaseContext.getTestCaseId()): null

2023-04-03 17:51:52 - [TEST_STEP][PASSED] - openBrowser(gURL): Browser is opened with url: 'https://katalon-demo-cura.herokuapp.com/'

2023-04-03 17:51:52 - [MESSAGE][INFO] - Starting 'Chrome' driver

2023-04-03 17:51:52 - [MESSAGE][INFO] - Action delay is set to 0 milliseconds

2023-04-03 17:51:57 - [MESSAGE][PASSED] - Browser is opened with url: 'https://katalon-demo-cura.herokuapp.com/'

2023-04-03 17:51:57 - [TEST_STEP][PASSED] - errorMessage = "Login failed! Please ensure the username and password are valid.": null

2023-04-03 17:51:57 - [TEST_STEP][PASSED] - click(findTestObject("Object Repository/Page_CURA Healthcare Service Login/btnMakeAppointment")): Object: 'Object Repository/Page_CURA Healthcare Service Login/btnMakeAppointment' is clicked on

2023-04-03 17:51:58 - [MESSAGE][PASSED] - Object: 'Object Repository/Page_CURA Healthcare Service Login/btnMakeAppointment' is clicked on

2023-04-03 17:51:58 - [TEST_STEP][PASSED] - setText(findTestObject("Object Repository/Page_CURA Healthcare Service Login/txfUsername"), sUsername): Text 'John Doe' is set on object 'Object Repository/Page_CURA Healthcare Service Login/txfUsername'

2023-04-03 17:51:59 - [MESSAGE][PASSED] - Text 'John Doe' is set on object 'Object Repository/Page_CURA Healthcare Service Login/txfUsername'

2023-04-03 17:51:59 - [TEST_STEP][PASSED] - setText(findTestObject("Object Repository/Page_CURA Healthcare Service Login/txfPassword"), sPassword): Text '' is set on object 'Object Repository/Page_CURA Healthcare Service Login/txfPassword'

2023-04-03 17:51:59 - [MESSAGE][PASSED] - Text '' is set on object 'Object Repository/Page_CURA Healthcare Service Login/txfPassword'

2023-04-03 17:51:59 - [TEST_STEP][PASSED] - click(findTestObject("Object Repository/Page_CURA Healthcare Service Login/btnLogin")): Object: 'Object Repository/Page_CURA Healthcare Service Login/btnLogin' is clicked on

2023-04-03 17:52:00 - [MESSAGE][PASSED] - Object: 'Object Repository/Page_CURA Healthcare Service Login/btnLogin' is clicked on

2023-04-03 17:52:00 - [TEST_STEP][PASSED] - verifyElementText(findTestObject("Object Repository/Page_CURA Healthcare Service Login/txvLoginError"), errorMessage, STOP_ON_FAILURE): Actual text and expected text of test object 'Object Repository/Page_CURA Healthcare Service Login/txvLoginError' are matched.

2023-04-03 17:52:01 - [MESSAGE][PASSED] - Actual text and expected text of test object 'Object Repository/Page_CURA Healthcare Service Login/txvLoginError' are matched.

2023-04-03 17:52:01 - [TEST_STEP][PASSED] - Start listener action : sampleAfterTestCase: null

2023-04-03 17:52:01 - [TEST_STEP][PASSED] - println(testCaseContext.getTestCaseId()): null

2023-04-03 17:52:01 - [TEST_STEP][PASSED] - println(testCaseContext.getTestCaseStatus()): null

2023-04-03 17:52:01 - [TEST_STEP][PASSED] - Start listener action : sampleAfterTestCase: Browser is closed

2023-04-03 17:52:01 - [TEST_STEP][PASSED] - closeBrowser(): Browser is closed

2023-04-03 17:52:01 - [MESSAGE][PASSED] - Browser is closed]]></system-out>
         <system-err><![CDATA[]]></system-err>
      </testcase>
      <system-out><![CDATA[2023-04-03 17:50:14 - [TEST_SUITE][PASSED] - Login: Test Cases/Login/TC_2,3_Sign In With Invalid Data]]></system-out>
      <system-err><![CDATA[]]></system-err>
   </testsuite>
</testsuites>
